2014-11-11 12:59:36,369 [ WARN] org.springframework.web.servlet.PageNotFound No mapping found for HTTP request with URI [/mobile/] in DispatcherServlet with name 'mvcDispatcher' at org.springframework.web.servlet.DispatcherServlet.noHandlerFound(DispatcherServlet.java:1110)
2014-11-11 12:59:51,191 [ WARN] org.springframework.web.servlet.PageNotFound No mapping found for HTTP request with URI [/mobile/] in DispatcherServlet with name 'mvcDispatcher' at org.springframework.web.servlet.DispatcherServlet.noHandlerFound(DispatcherServlet.java:1110)
2014-11-11 12:59:51,744 [ WARN] org.springframework.web.servlet.PageNotFound No mapping found for HTTP request with URI [/mobile/cp_employee/cp_employee_main.html] in DispatcherServlet with name 'mvcDispatcher' at org.springframework.web.servlet.DispatcherServlet.noHandlerFound(DispatcherServlet.java:1110)
2014-11-11 12:59:59,801 [ WARN] org.springframework.web.servlet.PageNotFound No mapping found for HTTP request with URI [/mobile/login] in DispatcherServlet with name 'mvcDispatcher' at org.springframework.web.servlet.DispatcherServlet.noHandlerFound(DispatcherServlet.java:1110)
2014-11-11 13:00:04,070 [ WARN] org.springframework.web.servlet.PageNotFound No mapping found for HTTP request with URI [/mobile/login] in DispatcherServlet with name 'mvcDispatcher' at org.springframework.web.servlet.DispatcherServlet.noHandlerFound(DispatcherServlet.java:1110)
2014-11-11 13:00:04,540 [ WARN] org.springframework.web.servlet.PageNotFound No mapping found for HTTP request with URI [/mobile/login] in DispatcherServlet with name 'mvcDispatcher' at org.springframework.web.servlet.DispatcherServlet.noHandlerFound(DispatcherServlet.java:1110)
2014-11-11 13:00:04,845 [ WARN] org.springframework.web.servlet.PageNotFound No mapping found for HTTP request with URI [/mobile/login] in DispatcherServlet with name 'mvcDispatcher' at org.springframework.web.servlet.DispatcherServlet.noHandlerFound(DispatcherServlet.java:1110)
2014-11-11 13:00:05,044 [ WARN] org.springframework.web.servlet.PageNotFound No mapping found for HTTP request with URI [/mobile/login] in DispatcherServlet with name 'mvcDispatcher' at org.springframework.web.servlet.DispatcherServlet.noHandlerFound(DispatcherServlet.java:1110)
2014-11-11 13:00:05,200 [ WARN] org.springframework.web.servlet.PageNotFound No mapping found for HTTP request with URI [/mobile/login] in DispatcherServlet with name 'mvcDispatcher' at org.springframework.web.servlet.DispatcherServlet.noHandlerFound(DispatcherServlet.java:1110)
2014-11-11 13:00:05,369 [ WARN] org.springframework.web.servlet.PageNotFound No mapping found for HTTP request with URI [/mobile/login] in DispatcherServlet with name 'mvcDispatcher' at org.springframework.web.servlet.DispatcherServlet.noHandlerFound(DispatcherServlet.java:1110)
2014-11-11 13:00:05,505 [ WARN] org.springframework.web.servlet.PageNotFound No mapping found for HTTP request with URI [/mobile/login] in DispatcherServlet with name 'mvcDispatcher' at org.springframework.web.servlet.DispatcherServlet.noHandlerFound(DispatcherServlet.java:1110)
2014-11-11 13:00:05,655 [ WARN] org.springframework.web.servlet.PageNotFound No mapping found for HTTP request with URI [/mobile/login] in DispatcherServlet with name 'mvcDispatcher' at org.springframework.web.servlet.DispatcherServlet.noHandlerFound(DispatcherServlet.java:1110)
2014-11-11 13:00:05,785 [ WARN] org.springframework.web.servlet.PageNotFound No mapping found for HTTP request with URI [/mobile/login] in DispatcherServlet with name 'mvcDispatcher' at org.springframework.web.servlet.DispatcherServlet.noHandlerFound(DispatcherServlet.java:1110)
2014-11-11 15:17:27,823 [ WARN] org.springframework.aop.framework.CglibAopProxy Unable to proxy method [public final void org.springframework.test.context.junit4.AbstractJUnit4SpringContextTests.setApplicationContext(org.springframework.context.ApplicationContext)] because it is final: All calls to this method via a proxy will be routed directly to the proxy. at org.springframework.aop.framework.CglibAopProxy.doValidateClass(CglibAopProxy.java:263)
2014-11-11 15:17:29,109 [ WARN] org.springframework.aop.framework.CglibAopProxy Unable to proxy method [public final void org.springframework.test.context.junit4.AbstractJUnit4SpringContextTests.setApplicationContext(org.springframework.context.ApplicationContext)] because it is final: All calls to this method via a proxy will be routed directly to the proxy. at org.springframework.aop.framework.CglibAopProxy.doValidateClass(CglibAopProxy.java:263)
2014-11-11 15:18:16,453 [ WARN] org.springframework.web.servlet.PageNotFound No mapping found for HTTP request with URI [/mobile/] in DispatcherServlet with name 'mvcDispatcher' at org.springframework.web.servlet.DispatcherServlet.noHandlerFound(DispatcherServlet.java:1110)
2014-11-11 15:18:17,048 [ WARN] org.springframework.web.servlet.PageNotFound No mapping found for HTTP request with URI [/mobile/] in DispatcherServlet with name 'mvcDispatcher' at org.springframework.web.servlet.DispatcherServlet.noHandlerFound(DispatcherServlet.java:1110)
2014-11-11 15:18:33,878 [ WARN] org.springframework.web.servlet.PageNotFound No mapping found for HTTP request with URI [/mobile/login] in DispatcherServlet with name 'mvcDispatcher' at org.springframework.web.servlet.DispatcherServlet.noHandlerFound(DispatcherServlet.java:1110)
2014-11-11 15:20:29,483 [ WARN] org.springframework.web.servlet.PageNotFound No mapping found for HTTP request with URI [/mobile/login] in DispatcherServlet with name 'mvcDispatcher' at org.springframework.web.servlet.DispatcherServlet.noHandlerFound(DispatcherServlet.java:1110)
2014-11-11 15:20:48,652 [ WARN] org.springframework.web.servlet.PageNotFound No mapping found for HTTP request with URI [/mobile/login] in DispatcherServlet with name 'mvcDispatcher' at org.springframework.web.servlet.DispatcherServlet.noHandlerFound(DispatcherServlet.java:1110)
2014-11-11 15:25:52,271 [ WARN] org.springframework.aop.framework.CglibAopProxy Unable to proxy method [public final void org.springframework.test.context.junit4.AbstractJUnit4SpringContextTests.setApplicationContext(org.springframework.context.ApplicationContext)] because it is final: All calls to this method via a proxy will be routed directly to the proxy. at org.springframework.aop.framework.CglibAopProxy.doValidateClass(CglibAopProxy.java:263)
2014-11-11 15:25:53,679 [ WARN] org.springframework.aop.framework.CglibAopProxy Unable to proxy method [public final void org.springframework.test.context.junit4.AbstractJUnit4SpringContextTests.setApplicationContext(org.springframework.context.ApplicationContext)] because it is final: All calls to this method via a proxy will be routed directly to the proxy. at org.springframework.aop.framework.CglibAopProxy.doValidateClass(CglibAopProxy.java:263)
2014-11-11 15:26:59,077 [ERROR] org.springframework.web.context.ContextLoader Context initialization failed at org.springframework.web.context.ContextLoader.initWebApplicationContext(ContextLoader.java:331)
org.springframework.beans.factory.BeanDefinitionStoreException: IOException parsing XML document from ServletContext resource [/WEB-INF/applicationContext.xml]; nested exception is java.io.FileNotFoundException: Could not open ServletContext resource [/WEB-INF/applicationContext.xml]
	at org.springframework.beans.factory.xml.XmlBeanDefinitionReader.loadBeanDefinitions(XmlBeanDefinitionReader.java:343)
	at org.springframework.beans.factory.xml.XmlBeanDefinitionReader.loadBeanDefinitions(XmlBeanDefinitionReader.java:303)
	at org.springframework.beans.factory.support.AbstractBeanDefinitionReader.loadBeanDefinitions(AbstractBeanDefinitionReader.java:180)
	at org.springframework.beans.factory.support.AbstractBeanDefinitionReader.loadBeanDefinitions(AbstractBeanDefinitionReader.java:216)
	at org.springframework.beans.factory.support.AbstractBeanDefinitionReader.loadBeanDefinitions(AbstractBeanDefinitionReader.java:187)
	at org.springframework.web.context.support.XmlWebApplicationContext.loadBeanDefinitions(XmlWebApplicationContext.java:125)
	at org.springframework.web.context.support.XmlWebApplicationContext.loadBeanDefinitions(XmlWebApplicationContext.java:94)
	at org.springframework.context.support.AbstractRefreshableApplicationContext.refreshBeanFactory(AbstractRefreshableApplicationContext.java:129)
	at org.springframework.context.support.AbstractApplicationContext.obtainFreshBeanFactory(AbstractApplicationContext.java:540)
	at org.springframework.context.support.AbstractApplicationContext.refresh(AbstractApplicationContext.java:454)
	at org.springframework.web.context.ContextLoader.configureAndRefreshWebApplicationContext(ContextLoader.java:403)
	at org.springframework.web.context.ContextLoader.initWebApplicationContext(ContextLoader.java:306)
	at org.springframework.web.context.ContextLoaderListener.contextInitialized(ContextLoaderListener.java:106)
	at io.undertow.servlet.core.ApplicationListeners.contextInitialized(ApplicationListeners.java:173)
	at io.undertow.servlet.core.DeploymentManagerImpl.deploy(DeploymentManagerImpl.java:190)
	at org.wildfly.extension.undertow.deployment.UndertowDeploymentService.startContext(UndertowDeploymentService.java:87)
	at org.wildfly.extension.undertow.deployment.UndertowDeploymentService.start(UndertowDeploymentService.java:72)
	at org.jboss.msc.service.ServiceControllerImpl$StartTask.startService(ServiceControllerImpl.java:1948)
	at org.jboss.msc.service.ServiceControllerImpl$StartTask.run(ServiceControllerImpl.java:1881)
	at java.util.concurrent.ThreadPoolExecutor.runWorker(ThreadPoolExecutor.java:1142)
	at java.util.concurrent.ThreadPoolExecutor$Worker.run(ThreadPoolExecutor.java:617)
	at java.lang.Thread.run(Thread.java:745)
Caused by: java.io.FileNotFoundException: Could not open ServletContext resource [/WEB-INF/applicationContext.xml]
	at org.springframework.web.context.support.ServletContextResource.getInputStream(ServletContextResource.java:141)
	at org.springframework.beans.factory.xml.XmlBeanDefinitionReader.loadBeanDefinitions(XmlBeanDefinitionReader.java:329)
	... 21 more
2014-11-11 15:27:29,021 [ WARN] org.springframework.aop.framework.CglibAopProxy Unable to proxy method [public final void org.springframework.test.context.junit4.AbstractJUnit4SpringContextTests.setApplicationContext(org.springframework.context.ApplicationContext)] because it is final: All calls to this method via a proxy will be routed directly to the proxy. at org.springframework.aop.framework.CglibAopProxy.doValidateClass(CglibAopProxy.java:263)
2014-11-11 15:27:30,298 [ WARN] org.springframework.aop.framework.CglibAopProxy Unable to proxy method [public final void org.springframework.test.context.junit4.AbstractJUnit4SpringContextTests.setApplicationContext(org.springframework.context.ApplicationContext)] because it is final: All calls to this method via a proxy will be routed directly to the proxy. at org.springframework.aop.framework.CglibAopProxy.doValidateClass(CglibAopProxy.java:263)
2014-11-11 15:28:20,022 [ WARN] org.springframework.web.servlet.PageNotFound No mapping found for HTTP request with URI [/mobile/] in DispatcherServlet with name 'mvcDispatcher' at org.springframework.web.servlet.DispatcherServlet.noHandlerFound(DispatcherServlet.java:1110)
2014-11-11 15:28:20,499 [ WARN] org.springframework.web.servlet.PageNotFound No mapping found for HTTP request with URI [/mobile/] in DispatcherServlet with name 'mvcDispatcher' at org.springframework.web.servlet.DispatcherServlet.noHandlerFound(DispatcherServlet.java:1110)
2014-11-11 15:34:49,880 [ WARN] org.springframework.aop.framework.CglibAopProxy Unable to proxy method [public final void org.springframework.test.context.junit4.AbstractJUnit4SpringContextTests.setApplicationContext(org.springframework.context.ApplicationContext)] because it is final: All calls to this method via a proxy will be routed directly to the proxy. at org.springframework.aop.framework.CglibAopProxy.doValidateClass(CglibAopProxy.java:263)
2014-11-11 15:34:51,307 [ WARN] org.springframework.aop.framework.CglibAopProxy Unable to proxy method [public final void org.springframework.test.context.junit4.AbstractJUnit4SpringContextTests.setApplicationContext(org.springframework.context.ApplicationContext)] because it is final: All calls to this method via a proxy will be routed directly to the proxy. at org.springframework.aop.framework.CglibAopProxy.doValidateClass(CglibAopProxy.java:263)
2014-11-11 15:35:19,140 [ WARN] org.springframework.web.servlet.PageNotFound No mapping found for HTTP request with URI [/mobile/] in DispatcherServlet with name 'mvcDispatcher' at org.springframework.web.servlet.DispatcherServlet.noHandlerFound(DispatcherServlet.java:1110)
2014-11-11 15:35:19,607 [ WARN] org.springframework.web.servlet.PageNotFound No mapping found for HTTP request with URI [/mobile/] in DispatcherServlet with name 'mvcDispatcher' at org.springframework.web.servlet.DispatcherServlet.noHandlerFound(DispatcherServlet.java:1110)
2014-11-11 15:35:25,272 [ WARN] org.springframework.web.servlet.PageNotFound No mapping found for HTTP request with URI [/mobile/main] in DispatcherServlet with name 'mvcDispatcher' at org.springframework.web.servlet.DispatcherServlet.noHandlerFound(DispatcherServlet.java:1110)
2014-11-11 15:35:27,274 [ WARN] org.springframework.web.servlet.PageNotFound No mapping found for HTTP request with URI [/mobile/main] in DispatcherServlet with name 'mvcDispatcher' at org.springframework.web.servlet.DispatcherServlet.noHandlerFound(DispatcherServlet.java:1110)
2014-11-11 15:35:27,474 [ WARN] org.springframework.web.servlet.PageNotFound No mapping found for HTTP request with URI [/mobile/main] in DispatcherServlet with name 'mvcDispatcher' at org.springframework.web.servlet.DispatcherServlet.noHandlerFound(DispatcherServlet.java:1110)
2014-11-11 15:35:27,689 [ WARN] org.springframework.web.servlet.PageNotFound No mapping found for HTTP request with URI [/mobile/main] in DispatcherServlet with name 'mvcDispatcher' at org.springframework.web.servlet.DispatcherServlet.noHandlerFound(DispatcherServlet.java:1110)
2014-11-11 15:35:27,859 [ WARN] org.springframework.web.servlet.PageNotFound No mapping found for HTTP request with URI [/mobile/main] in DispatcherServlet with name 'mvcDispatcher' at org.springframework.web.servlet.DispatcherServlet.noHandlerFound(DispatcherServlet.java:1110)
2014-11-11 15:35:28,040 [ WARN] org.springframework.web.servlet.PageNotFound No mapping found for HTTP request with URI [/mobile/main] in DispatcherServlet with name 'mvcDispatcher' at org.springframework.web.servlet.DispatcherServlet.noHandlerFound(DispatcherServlet.java:1110)
2014-11-11 15:35:28,229 [ WARN] org.springframework.web.servlet.PageNotFound No mapping found for HTTP request with URI [/mobile/main] in DispatcherServlet with name 'mvcDispatcher' at org.springframework.web.servlet.DispatcherServlet.noHandlerFound(DispatcherServlet.java:1110)
2014-11-11 15:35:36,404 [ WARN] org.springframework.web.servlet.PageNotFound No mapping found for HTTP request with URI [/mobile/main] in DispatcherServlet with name 'mvcDispatcher' at org.springframework.web.servlet.DispatcherServlet.noHandlerFound(DispatcherServlet.java:1110)
2014-11-11 15:40:46,858 [ WARN] org.springframework.aop.framework.CglibAopProxy Unable to proxy method [public final void org.springframework.test.context.junit4.AbstractJUnit4SpringContextTests.setApplicationContext(org.springframework.context.ApplicationContext)] because it is final: All calls to this method via a proxy will be routed directly to the proxy. at org.springframework.aop.framework.CglibAopProxy.doValidateClass(CglibAopProxy.java:263)
2014-11-11 15:40:48,136 [ WARN] org.springframework.aop.framework.CglibAopProxy Unable to proxy method [public final void org.springframework.test.context.junit4.AbstractJUnit4SpringContextTests.setApplicationContext(org.springframework.context.ApplicationContext)] because it is final: All calls to this method via a proxy will be routed directly to the proxy. at org.springframework.aop.framework.CglibAopProxy.doValidateClass(CglibAopProxy.java:263)
2014-11-11 15:41:56,699 [ WARN] org.springframework.web.servlet.PageNotFound No mapping found for HTTP request with URI [/mobile/] in DispatcherServlet with name 'mvcDispatcher' at org.springframework.web.servlet.DispatcherServlet.noHandlerFound(DispatcherServlet.java:1110)
2014-11-11 15:41:57,173 [ WARN] org.springframework.web.servlet.PageNotFound No mapping found for HTTP request with URI [/mobile/] in DispatcherServlet with name 'mvcDispatcher' at org.springframework.web.servlet.DispatcherServlet.noHandlerFound(DispatcherServlet.java:1110)
2014-11-11 15:46:47,725 [ WARN] org.springframework.aop.framework.CglibAopProxy Unable to proxy method [public final void org.springframework.test.context.junit4.AbstractJUnit4SpringContextTests.setApplicationContext(org.springframework.context.ApplicationContext)] because it is final: All calls to this method via a proxy will be routed directly to the proxy. at org.springframework.aop.framework.CglibAopProxy.doValidateClass(CglibAopProxy.java:263)
2014-11-11 15:46:49,062 [ WARN] org.springframework.aop.framework.CglibAopProxy Unable to proxy method [public final void org.springframework.test.context.junit4.AbstractJUnit4SpringContextTests.setApplicationContext(org.springframework.context.ApplicationContext)] because it is final: All calls to this method via a proxy will be routed directly to the proxy. at org.springframework.aop.framework.CglibAopProxy.doValidateClass(CglibAopProxy.java:263)
2014-11-11 15:47:13,022 [ WARN] org.springframework.web.servlet.PageNotFound No mapping found for HTTP request with URI [/mobile/] in DispatcherServlet with name 'mvcDispatcher' at org.springframework.web.servlet.DispatcherServlet.noHandlerFound(DispatcherServlet.java:1110)
2014-11-11 15:47:13,514 [ WARN] org.springframework.web.servlet.PageNotFound No mapping found for HTTP request with URI [/mobile/] in DispatcherServlet with name 'mvcDispatcher' at org.springframework.web.servlet.DispatcherServlet.noHandlerFound(DispatcherServlet.java:1110)
