2014-10-23 13:40:35,957 [ INFO] org.hibernate.Version HHH000412: Hibernate Core {4.3.6.Final} at org.hibernate.Version.logVersion(Version.java:54)
2014-10-23 13:40:35,959 [ INFO] org.hibernate.cfg.Environment HHH000206: hibernate.properties not found at org.hibernate.cfg.Environment.<clinit>(Environment.java:239)
2014-10-23 13:40:35,962 [ INFO] org.hibernate.cfg.Environment HHH000021: Bytecode provider name : javassist at org.hibernate.cfg.Environment.buildBytecodeProvider(Environment.java:346)
2014-10-23 13:40:36,420 [ INFO] org.hibernate.annotations.common.Version HCANN000001: Hibernate Commons Annotations {4.0.5.Final} at org.hibernate.annotations.common.reflection.java.JavaReflectionManager.<clinit>(JavaReflectionManager.java:66)
2014-10-23 13:40:36,535 [ INFO] org.hibernate.engine.jdbc.connections.internal.DriverManagerConnectionProviderImpl HHH000401: using driver [com.mysql.jdbc.Driver] at URL [jdbc:mysql://localhost:3306/tproject] at org.hibernate.engine.jdbc.connections.internal.DriverManagerConnectionProviderImpl.buildCreator(DriverManagerConnectionProviderImpl.java:166)
2014-10-23 13:40:36,536 [ INFO] org.hibernate.engine.jdbc.connections.internal.DriverManagerConnectionProviderImpl HHH000046: Connection properties: {user=root, password=root} at org.hibernate.engine.jdbc.connections.internal.DriverManagerConnectionProviderImpl.buildCreator(DriverManagerConnectionProviderImpl.java:172)
2014-10-23 13:40:36,536 [ INFO] org.hibernate.engine.jdbc.connections.internal.DriverManagerConnectionProviderImpl HHH000006: Autocommit mode: false at org.hibernate.engine.jdbc.connections.internal.DriverManagerConnectionProviderImpl.buildCreator(DriverManagerConnectionProviderImpl.java:180)
2014-10-23 13:40:36,539 [ INFO] org.hibernate.engine.jdbc.connections.internal.DriverManagerConnectionProviderImpl HHH000115: Hibernate connection pool size: 20 (min=1) at org.hibernate.engine.jdbc.connections.internal.DriverManagerConnectionProviderImpl.configure(DriverManagerConnectionProviderImpl.java:102)
2014-10-23 13:40:36,785 [ INFO] org.hibernate.dialect.Dialect HHH000400: Using dialect: org.hibernate.dialect.MySQL5Dialect at org.hibernate.dialect.Dialect.<init>(Dialect.java:145)
2014-10-23 13:40:37,147 [ INFO] org.hibernate.hql.internal.ast.ASTQueryTranslatorFactory HHH000397: Using ASTQueryTranslatorFactory at org.hibernate.hql.internal.ast.ASTQueryTranslatorFactory.<init>(ASTQueryTranslatorFactory.java:47)
2014-10-23 13:40:38,234 [ INFO] org.hibernate.tool.hbm2ddl.SchemaUpdate HHH000228: Running hbm2ddl schema update at org.hibernate.tool.hbm2ddl.SchemaUpdate.execute(SchemaUpdate.java:182)
2014-10-23 13:40:38,234 [ INFO] org.hibernate.tool.hbm2ddl.SchemaUpdate HHH000102: Fetching database metadata at org.hibernate.tool.hbm2ddl.SchemaUpdate.execute(SchemaUpdate.java:193)
2014-10-23 13:40:38,236 [ INFO] org.hibernate.tool.hbm2ddl.SchemaUpdate HHH000396: Updating schema at org.hibernate.tool.hbm2ddl.SchemaUpdate.execute(SchemaUpdate.java:205)
2014-10-23 13:40:38,268 [ INFO] org.hibernate.tool.hbm2ddl.TableMetadata HHH000261: Table found: tproject.CONTRACTS at org.hibernate.tool.hbm2ddl.TableMetadata.<init>(TableMetadata.java:66)
2014-10-23 13:40:38,268 [ INFO] org.hibernate.tool.hbm2ddl.TableMetadata HHH000037: Columns: [id, isblocked, blockedemp_id, user_id, number, tariff_id] at org.hibernate.tool.hbm2ddl.TableMetadata.<init>(TableMetadata.java:67)
2014-10-23 13:40:38,269 [ INFO] org.hibernate.tool.hbm2ddl.TableMetadata HHH000108: Foreign keys: [fk_pg4ahlwhmb4djol48hjnsreup, fk_s9ag13s8fdk9qpe1dgg2wd5hg, fk_igsvr2dna4sjv3od8q3syt5pm] at org.hibernate.tool.hbm2ddl.TableMetadata.<init>(TableMetadata.java:69)
2014-10-23 13:40:38,269 [ INFO] org.hibernate.tool.hbm2ddl.TableMetadata HHH000126: Indexes: [uk_29ixwwkddmsdo40p3cryh3uqd, fk_pg4ahlwhmb4djol48hjnsreup, fk_s9ag13s8fdk9qpe1dgg2wd5hg, fk_igsvr2dna4sjv3od8q3syt5pm, primary] at org.hibernate.tool.hbm2ddl.TableMetadata.<init>(TableMetadata.java:70)
2014-10-23 13:40:38,277 [ INFO] org.hibernate.tool.hbm2ddl.TableMetadata HHH000261: Table found: tproject.CONTRACT_OPTION at org.hibernate.tool.hbm2ddl.TableMetadata.<init>(TableMetadata.java:66)
2014-10-23 13:40:38,278 [ INFO] org.hibernate.tool.hbm2ddl.TableMetadata HHH000037: Columns: [contract_id, option_id] at org.hibernate.tool.hbm2ddl.TableMetadata.<init>(TableMetadata.java:67)
2014-10-23 13:40:38,278 [ INFO] org.hibernate.tool.hbm2ddl.TableMetadata HHH000108: Foreign keys: [fk_tfc36ah6607isil0lli9nug25, fk_eu802eyu4bwvase921pu25dtp] at org.hibernate.tool.hbm2ddl.TableMetadata.<init>(TableMetadata.java:69)
2014-10-23 13:40:38,278 [ INFO] org.hibernate.tool.hbm2ddl.TableMetadata HHH000126: Indexes: [fk_tfc36ah6607isil0lli9nug25, fk_eu802eyu4bwvase921pu25dtp] at org.hibernate.tool.hbm2ddl.TableMetadata.<init>(TableMetadata.java:70)
2014-10-23 13:40:38,286 [ INFO] org.hibernate.tool.hbm2ddl.TableMetadata HHH000261: Table found: tproject.OPTIONS at org.hibernate.tool.hbm2ddl.TableMetadata.<init>(TableMetadata.java:66)
2014-10-23 13:40:38,286 [ INFO] org.hibernate.tool.hbm2ddl.TableMetadata HHH000037: Columns: [id, price, name, initialprice] at org.hibernate.tool.hbm2ddl.TableMetadata.<init>(TableMetadata.java:67)
2014-10-23 13:40:38,286 [ INFO] org.hibernate.tool.hbm2ddl.TableMetadata HHH000108: Foreign keys: [] at org.hibernate.tool.hbm2ddl.TableMetadata.<init>(TableMetadata.java:69)
2014-10-23 13:40:38,287 [ INFO] org.hibernate.tool.hbm2ddl.TableMetadata HHH000126: Indexes: [primary] at org.hibernate.tool.hbm2ddl.TableMetadata.<init>(TableMetadata.java:70)
2014-10-23 13:40:38,295 [ INFO] org.hibernate.tool.hbm2ddl.TableMetadata HHH000261: Table found: tproject.OPTIONS_INCOMPATIBLE at org.hibernate.tool.hbm2ddl.TableMetadata.<init>(TableMetadata.java:66)
2014-10-23 13:40:38,295 [ INFO] org.hibernate.tool.hbm2ddl.TableMetadata HHH000037: Columns: [optiontwo_id, optionone_id] at org.hibernate.tool.hbm2ddl.TableMetadata.<init>(TableMetadata.java:67)
2014-10-23 13:40:38,295 [ INFO] org.hibernate.tool.hbm2ddl.TableMetadata HHH000108: Foreign keys: [fk_mkqsk8px3b5ys5x8chij5frx5, fk_fmcnsi80qucy0hw7rfpu4i0ub] at org.hibernate.tool.hbm2ddl.TableMetadata.<init>(TableMetadata.java:69)
2014-10-23 13:40:38,296 [ INFO] org.hibernate.tool.hbm2ddl.TableMetadata HHH000126: Indexes: [fk_mkqsk8px3b5ys5x8chij5frx5, fk_fmcnsi80qucy0hw7rfpu4i0ub] at org.hibernate.tool.hbm2ddl.TableMetadata.<init>(TableMetadata.java:70)
2014-10-23 13:40:38,303 [ INFO] org.hibernate.tool.hbm2ddl.TableMetadata HHH000261: Table found: tproject.OPTIONS_TOGETHER at org.hibernate.tool.hbm2ddl.TableMetadata.<init>(TableMetadata.java:66)
2014-10-23 13:40:38,304 [ INFO] org.hibernate.tool.hbm2ddl.TableMetadata HHH000037: Columns: [optiontwo_id, optionone_id] at org.hibernate.tool.hbm2ddl.TableMetadata.<init>(TableMetadata.java:67)
2014-10-23 13:40:38,304 [ INFO] org.hibernate.tool.hbm2ddl.TableMetadata HHH000108: Foreign keys: [fk_pn0nwy61mxhfmatlyuy1alpqq, fk_ji2225653rxx49p3n0y3sm5of] at org.hibernate.tool.hbm2ddl.TableMetadata.<init>(TableMetadata.java:69)
2014-10-23 13:40:38,304 [ INFO] org.hibernate.tool.hbm2ddl.TableMetadata HHH000126: Indexes: [fk_pn0nwy61mxhfmatlyuy1alpqq, fk_ji2225653rxx49p3n0y3sm5of] at org.hibernate.tool.hbm2ddl.TableMetadata.<init>(TableMetadata.java:70)
2014-10-23 13:40:38,310 [ INFO] org.hibernate.tool.hbm2ddl.TableMetadata HHH000261: Table found: tproject.ROLES at org.hibernate.tool.hbm2ddl.TableMetadata.<init>(TableMetadata.java:66)
2014-10-23 13:40:38,311 [ INFO] org.hibernate.tool.hbm2ddl.TableMetadata HHH000037: Columns: [id, name] at org.hibernate.tool.hbm2ddl.TableMetadata.<init>(TableMetadata.java:67)
2014-10-23 13:40:38,311 [ INFO] org.hibernate.tool.hbm2ddl.TableMetadata HHH000108: Foreign keys: [] at org.hibernate.tool.hbm2ddl.TableMetadata.<init>(TableMetadata.java:69)
2014-10-23 13:40:38,311 [ INFO] org.hibernate.tool.hbm2ddl.TableMetadata HHH000126: Indexes: [primary] at org.hibernate.tool.hbm2ddl.TableMetadata.<init>(TableMetadata.java:70)
2014-10-23 13:40:38,317 [ INFO] org.hibernate.tool.hbm2ddl.TableMetadata HHH000261: Table found: tproject.TARIFFS at org.hibernate.tool.hbm2ddl.TableMetadata.<init>(TableMetadata.java:66)
2014-10-23 13:40:38,317 [ INFO] org.hibernate.tool.hbm2ddl.TableMetadata HHH000037: Columns: [id, price, name] at org.hibernate.tool.hbm2ddl.TableMetadata.<init>(TableMetadata.java:67)
2014-10-23 13:40:38,317 [ INFO] org.hibernate.tool.hbm2ddl.TableMetadata HHH000108: Foreign keys: [] at org.hibernate.tool.hbm2ddl.TableMetadata.<init>(TableMetadata.java:69)
2014-10-23 13:40:38,317 [ INFO] org.hibernate.tool.hbm2ddl.TableMetadata HHH000126: Indexes: [primary] at org.hibernate.tool.hbm2ddl.TableMetadata.<init>(TableMetadata.java:70)
2014-10-23 13:40:38,324 [ INFO] org.hibernate.tool.hbm2ddl.TableMetadata HHH000261: Table found: tproject.TARIFF_RULES at org.hibernate.tool.hbm2ddl.TableMetadata.<init>(TableMetadata.java:66)
2014-10-23 13:40:38,324 [ INFO] org.hibernate.tool.hbm2ddl.TableMetadata HHH000037: Columns: [option_id, tariff_id] at org.hibernate.tool.hbm2ddl.TableMetadata.<init>(TableMetadata.java:67)
2014-10-23 13:40:38,324 [ INFO] org.hibernate.tool.hbm2ddl.TableMetadata HHH000108: Foreign keys: [fk_ej03enpm76hyyf2vjdeixwe9s, fk_4y4garjxfs5gk4x8murvkw19r] at org.hibernate.tool.hbm2ddl.TableMetadata.<init>(TableMetadata.java:69)
2014-10-23 13:40:38,325 [ INFO] org.hibernate.tool.hbm2ddl.TableMetadata HHH000126: Indexes: [fk_ej03enpm76hyyf2vjdeixwe9s, fk_4y4garjxfs5gk4x8murvkw19r] at org.hibernate.tool.hbm2ddl.TableMetadata.<init>(TableMetadata.java:70)
2014-10-23 13:40:38,334 [ INFO] org.hibernate.tool.hbm2ddl.TableMetadata HHH000261: Table found: tproject.USERS at org.hibernate.tool.hbm2ddl.TableMetadata.<init>(TableMetadata.java:66)
2014-10-23 13:40:38,334 [ INFO] org.hibernate.tool.hbm2ddl.TableMetadata HHH000037: Columns: [id, birthday, balance, email, address, name, role, surname, login, passport, password] at org.hibernate.tool.hbm2ddl.TableMetadata.<init>(TableMetadata.java:67)
2014-10-23 13:40:38,334 [ INFO] org.hibernate.tool.hbm2ddl.TableMetadata HHH000108: Foreign keys: [fk_e7tg79qhfyp29bvrrb77rs1w7] at org.hibernate.tool.hbm2ddl.TableMetadata.<init>(TableMetadata.java:69)
2014-10-23 13:40:38,335 [ INFO] org.hibernate.tool.hbm2ddl.TableMetadata HHH000126: Indexes: [primary, fk_e7tg79qhfyp29bvrrb77rs1w7] at org.hibernate.tool.hbm2ddl.TableMetadata.<init>(TableMetadata.java:70)
2014-10-23 13:40:38,338 [ INFO] org.hibernate.tool.hbm2ddl.SchemaUpdate HHH000232: Schema update complete at org.hibernate.tool.hbm2ddl.SchemaUpdate.execute(SchemaUpdate.java:242)
